<?xml version="1.0" encoding="UTF-8" ?>
<testsuite failures="0" time="0.453" errors="0" skipped="0" tests="4" name="com.diandian.api.sdk.java.TagServiceTest">
  <properties>
[...]
</properties>
  <testcase time="0.134" classname="com.diandian.api.sdk.java.TagServiceTest" name="testTagPost"/>
  <testcase time="0.018" classname="com.diandian.api.sdk.java.TagServiceTest" name="testWatchTag"/>
  <testcase time="0.018" classname="com.diandian.api.sdk.java.TagServiceTest" name="testUnwatchTag"/>
  <testcase time="0.016" classname="com.diandian.api.sdk.java.TagServiceTest" name="testMyTags"/>
</testsuite>